<?xml version="1.0" encoding="UTF-8"?>
<!-- Generated by org.testng.reporters.JUnitReportReporter -->
<testsuite hostname="DESKTOP-GV8RDT5" failures="0" tests="1" name="com.qa.testcases.CartPage" time="0.743" errors="0" timestamp="03 Feb 2021 12:42:10 GMT" skipped="0">
  <testcase classname="com.qa.testcases.CartPage" name="clickcontinueTest" time="0.743"/>
</testsuite> <!-- com.qa.testcases.CartPage -->
