<?xml version="1.0" encoding="UTF-8"?>
<!-- Generated by org.testng.reporters.JUnitReportReporter -->
<testsuite hostname="DESKTOP-GV8RDT5" failures="0" tests="1" name="com.qa.testcases.WishListTest" time="0.006" errors="0" timestamp="09 Feb 2021 07:55:53 GMT" skipped="0">
  <testcase classname="com.qa.testcases.WishListTest" name="ReturningCustomer" time="0.006"/>
</testsuite> <!-- com.qa.testcases.WishListTest -->
