<?xml version="1.0" encoding="UTF-8"?>
<!-- Generated by org.testng.reporters.JUnitReportReporter -->
<testsuite hostname="DESKTOP-GV8RDT5" failures="0" tests="1" name="Demo.Assignment2.Check" time="0.006" errors="0" timestamp="02 Mar 2021 11:05:48 GMT" skipped="0">
  <testcase classname="Demo.Assignment2.Check" name="checking1" time="0.006"/>
</testsuite> <!-- Demo.Assignment2.Check -->
